<?xml version="1.0" encoding="UTF-8"?>
<testng-results skipped="0" failed="1" ignored="0" total="23" passed="22">
  <reporter-output>
  </reporter-output>
  <suite name="Verifone" duration-ms="408608" started-at="2018-05-01T15:18:55Z" finished-at="2018-05-01T15:25:43Z">
    <groups>
      <group name="cgateway-portal">
        <method signature="CGApplicationPage.CGApplicationPageErrorHandling(java.lang.String, java.lang.String, java.lang.String, java.lang.String, java.lang.String, java.lang.String, java.lang.String, java.lang.String)[pri:0, instance:com.verifone.tests.CGApplicationPage@6ac13091]" name="CGApplicationPageErrorHandling" class="com.verifone.tests.CGApplicationPage"/>
        <method signature="CGApplicationPage.CGApplicationPageMandatoryFields(java.lang.String, java.lang.String, java.lang.String, java.lang.String, java.lang.String, java.lang.String, java.lang.String, java.lang.String)[pri:0, instance:com.verifone.tests.CGApplicationPage@6ac13091]" name="CGApplicationPageMandatoryFields" class="com.verifone.tests.CGApplicationPage"/>
        <method signature="CGApplicationPage.CGApplicationPageMaxLengthValue(java.lang.String, java.lang.String, java.lang.String, java.lang.String, java.lang.String, java.lang.String, java.lang.String, java.lang.String)[pri:0, instance:com.verifone.tests.CGApplicationPage@6ac13091]" name="CGApplicationPageMaxLengthValue" class="com.verifone.tests.CGApplicationPage"/>
        <method signature="CGApplicationPage.CGApplicationPageTypeValidation(java.lang.String, java.lang.String, java.lang.String, java.lang.String, java.lang.String, java.lang.String, java.lang.String, java.lang.String)[pri:0, instance:com.verifone.tests.CGApplicationPage@6ac13091]" name="CGApplicationPageTypeValidation" class="com.verifone.tests.CGApplicationPage"/>
      </group> <!-- cgateway-portal -->
    </groups>
    <test name="Selenium Web Portal Automation Tests" duration-ms="408608" started-at="2018-05-01T15:18:55Z" finished-at="2018-05-01T15:25:43Z">
      <class name="com.verifone.tests.CGApplicationPage">
        <test-method status="PASS" signature="startBrowser(java.lang.String, java.lang.String, java.lang.String, java.lang.String, java.lang.String, java.lang.String)[pri:0, instance:com.verifone.tests.CGApplicationPage@6ac13091]" name="startBrowser" is-config="true" duration-ms="20047" started-at="2018-05-01T15:18:55Z" finished-at="2018-05-01T15:19:15Z">
          <params>
            <param index="0">
              <value>
                <![CDATA[DEV]]>
              </value>
            </param>
            <param index="1">
              <value>
                <![CDATA[http://dev.cgateway-portal.verifone.com/]]>
              </value>
            </param>
            <param index="2">
              <value>
                <![CDATA[http://test.cgateway-portal.verifone.com/]]>
              </value>
            </param>
            <param index="3">
              <value>
                <![CDATA[http://Staging1.cgateway-portal.verifone.com/]]>
              </value>
            </param>
            <param index="4">
              <value>
                <![CDATA[http://TBD.cgateway-portal.verifone.com/]]>
              </value>
            </param>
            <param index="5">
              <value>
                <![CDATA[CHROME]]>
              </value>
            </param>
          </params>
          <reporter-output>
          </reporter-output>
        </test-method> <!-- startBrowser -->
        <test-method status="PASS" signature="CGApplicationPageErrorHandling(java.lang.String, java.lang.String, java.lang.String, java.lang.String, java.lang.String, java.lang.String, java.lang.String, java.lang.String)[pri:0, instance:com.verifone.tests.CGApplicationPage@6ac13091]" name="CGApplicationPageErrorHandling" duration-ms="14972" started-at="2018-05-01T15:19:15Z" data-provider="C_ErrorHandling" finished-at="2018-05-01T15:19:30Z">
          <params>
            <param index="0">
              <value>
                <![CDATA[99]]>
              </value>
            </param>
            <param index="1">
              <value>
                <![CDATA[1.1 ]]>
              </value>
            </param>
            <param index="2">
              <value>
                <![CDATA[seleniumTestName2]]>
              </value>
            </param>
            <param index="3">
              <value>
                <![CDATA[Active]]>
              </value>
            </param>
            <param index="4">
              <value>
                <![CDATA[Control]]>
              </value>
            </param>
            <param index="5">
              <value>
                <![CDATA[1500]]>
              </value>
            </param>
            <param index="6">
              <value>
                <![CDATA[.transition]]>
              </value>
            </param>
            <param index="7">
              <value>
                <![CDATA[Field is Required]]>
              </value>
            </param>
          </params>
          <reporter-output>
          </reporter-output>
        </test-method> <!-- CGApplicationPageErrorHandling -->
        <test-method status="PASS" signature="closePage(org.testng.ITestResult)[pri:0, instance:com.verifone.tests.CGApplicationPage@6ac13091]" name="closePage" is-config="true" duration-ms="170" started-at="2018-05-01T15:19:30Z" finished-at="2018-05-01T15:19:30Z">
          <params>
            <param index="0">
              <value>
                <![CDATA[[TestResult name=CGApplicationPageErrorHandling status=SUCCESS method=CGApplicationPage.CGApplicationPageErrorHandling(java.lang.String, java.lang.String, java.lang.String, java.lang.String, java.lang.String, java.lang.String, java.lang.String, java.lang.String)[pri:0, instance:com.verifone.tests.CGApplicationPage@6ac13091] output={null}]]]>
              </value>
            </param>
          </params>
          <reporter-output>
          </reporter-output>
        </test-method> <!-- closePage -->
        <test-method status="PASS" signature="CGApplicationPageErrorHandling(java.lang.String, java.lang.String, java.lang.String, java.lang.String, java.lang.String, java.lang.String, java.lang.String, java.lang.String)[pri:0, instance:com.verifone.tests.CGApplicationPage@6ac13091]" name="CGApplicationPageErrorHandling" duration-ms="12715" started-at="2018-05-01T15:19:30Z" data-provider="C_ErrorHandling" finished-at="2018-05-01T15:19:42Z">
          <params>
            <param index="0">
              <value>
                <![CDATA[seleniumTest5Longmorethan60characters123456789012345678901234]]>
              </value>
            </param>
            <param index="1">
              <value>
                <![CDATA[1.1 ]]>
              </value>
            </param>
            <param index="2">
              <value>
                <![CDATA[seleniumTestName5]]>
              </value>
            </param>
            <param index="3">
              <value>
                <![CDATA[Active]]>
              </value>
            </param>
            <param index="4">
              <value>
                <![CDATA[Control]]>
              </value>
            </param>
            <param index="5">
              <value>
                <![CDATA[1500]]>
              </value>
            </param>
            <param index="6">
              <value>
                <![CDATA[.transition]]>
              </value>
            </param>
            <param index="7">
              <value>
                <![CDATA[appID should contain no more than 60 characters]]>
              </value>
            </param>
          </params>
          <reporter-output>
          </reporter-output>
        </test-method> <!-- CGApplicationPageErrorHandling -->
        <test-method status="PASS" signature="closePage(org.testng.ITestResult)[pri:0, instance:com.verifone.tests.CGApplicationPage@6ac13091]" name="closePage" is-config="true" duration-ms="33" started-at="2018-05-01T15:19:42Z" finished-at="2018-05-01T15:19:42Z">
          <params>
            <param index="0">
              <value>
                <![CDATA[[TestResult name=CGApplicationPageErrorHandling status=SUCCESS method=CGApplicationPage.CGApplicationPageErrorHandling(java.lang.String, java.lang.String, java.lang.String, java.lang.String, java.lang.String, java.lang.String, java.lang.String, java.lang.String)[pri:0, instance:com.verifone.tests.CGApplicationPage@6ac13091] output={null}]]]>
              </value>
            </param>
          </params>
          <reporter-output>
          </reporter-output>
        </test-method> <!-- closePage -->
        <test-method status="PASS" signature="CGApplicationPageErrorHandling(java.lang.String, java.lang.String, java.lang.String, java.lang.String, java.lang.String, java.lang.String, java.lang.String, java.lang.String)[pri:0, instance:com.verifone.tests.CGApplicationPage@6ac13091]" name="CGApplicationPageErrorHandling" duration-ms="12427" started-at="2018-05-01T15:19:42Z" data-provider="C_ErrorHandling" finished-at="2018-05-01T15:19:55Z">
          <params>
            <param index="0">
              <value>
                <![CDATA[seleniumTestE1]]>
              </value>
            </param>
            <param index="1">
              <value>
                <![CDATA[invalidVersion]]>
              </value>
            </param>
            <param index="2">
              <value>
                <![CDATA[seleniumTestName4]]>
              </value>
            </param>
            <param index="3">
              <value>
                <![CDATA[Active]]>
              </value>
            </param>
            <param index="4">
              <value>
                <![CDATA[Control]]>
              </value>
            </param>
            <param index="5">
              <value>
                <![CDATA[1500]]>
              </value>
            </param>
            <param index="6">
              <value>
                <![CDATA[.transition]]>
              </value>
            </param>
            <param index="7">
              <value>
                <![CDATA[The value is not valid]]>
              </value>
            </param>
          </params>
          <reporter-output>
          </reporter-output>
        </test-method> <!-- CGApplicationPageErrorHandling -->
        <test-method status="PASS" signature="closePage(org.testng.ITestResult)[pri:0, instance:com.verifone.tests.CGApplicationPage@6ac13091]" name="closePage" is-config="true" duration-ms="32" started-at="2018-05-01T15:19:55Z" finished-at="2018-05-01T15:19:55Z">
          <params>
            <param index="0">
              <value>
                <![CDATA[[TestResult name=CGApplicationPageErrorHandling status=SUCCESS method=CGApplicationPage.CGApplicationPageErrorHandling(java.lang.String, java.lang.String, java.lang.String, java.lang.String, java.lang.String, java.lang.String, java.lang.String, java.lang.String)[pri:0, instance:com.verifone.tests.CGApplicationPage@6ac13091] output={null}]]]>
              </value>
            </param>
          </params>
          <reporter-output>
          </reporter-output>
        </test-method> <!-- closePage -->
        <test-method status="PASS" signature="CGApplicationPageErrorHandling(java.lang.String, java.lang.String, java.lang.String, java.lang.String, java.lang.String, java.lang.String, java.lang.String, java.lang.String)[pri:0, instance:com.verifone.tests.CGApplicationPage@6ac13091]" name="CGApplicationPageErrorHandling" duration-ms="12918" started-at="2018-05-01T15:19:55Z" data-provider="C_ErrorHandling" finished-at="2018-05-01T15:20:08Z">
          <params>
            <param index="0">
              <value>
                <![CDATA[seleniumTestE2]]>
              </value>
            </param>
            <param index="1">
              <value>
                <![CDATA[1.1 ]]>
              </value>
            </param>
            <param index="2">
              <value>
                <![CDATA[seleniumTest9Longmorethan100characters123456789012345678901234567890123456789012345678901234567890123]]>
              </value>
            </param>
            <param index="3">
              <value>
                <![CDATA[Active]]>
              </value>
            </param>
            <param index="4">
              <value>
                <![CDATA[Control]]>
              </value>
            </param>
            <param index="5">
              <value>
                <![CDATA[1500]]>
              </value>
            </param>
            <param index="6">
              <value>
                <![CDATA[.transition]]>
              </value>
            </param>
            <param index="7">
              <value>
                <![CDATA[name should contain no more than 100 characters]]>
              </value>
            </param>
          </params>
          <reporter-output>
          </reporter-output>
        </test-method> <!-- CGApplicationPageErrorHandling -->
        <test-method status="PASS" signature="closePage(org.testng.ITestResult)[pri:0, instance:com.verifone.tests.CGApplicationPage@6ac13091]" name="closePage" is-config="true" duration-ms="33" started-at="2018-05-01T15:20:08Z" finished-at="2018-05-01T15:20:08Z">
          <params>
            <param index="0">
              <value>
                <![CDATA[[TestResult name=CGApplicationPageErrorHandling status=SUCCESS method=CGApplicationPage.CGApplicationPageErrorHandling(java.lang.String, java.lang.String, java.lang.String, java.lang.String, java.lang.String, java.lang.String, java.lang.String, java.lang.String)[pri:0, instance:com.verifone.tests.CGApplicationPage@6ac13091] output={null}]]]>
              </value>
            </param>
          </params>
          <reporter-output>
          </reporter-output>
        </test-method> <!-- closePage -->
        <test-method status="PASS" signature="CGApplicationPageErrorHandling(java.lang.String, java.lang.String, java.lang.String, java.lang.String, java.lang.String, java.lang.String, java.lang.String, java.lang.String)[pri:0, instance:com.verifone.tests.CGApplicationPage@6ac13091]" name="CGApplicationPageErrorHandling" duration-ms="15568" started-at="2018-05-01T15:20:08Z" data-provider="C_ErrorHandling" finished-at="2018-05-01T15:20:23Z">
          <params>
            <param index="0">
              <value>
                <![CDATA[seleniumTestE3]]>
              </value>
            </param>
            <param index="1">
              <value>
                <![CDATA[1.1 ]]>
              </value>
            </param>
            <param index="2">
              <value>
                <![CDATA[seleniumTest11]]>
              </value>
            </param>
            <param index="3">
              <value>
                <![CDATA[WrongStatus]]>
              </value>
            </param>
            <param index="4">
              <value>
                <![CDATA[Control]]>
              </value>
            </param>
            <param index="5">
              <value>
                <![CDATA[1500]]>
              </value>
            </param>
            <param index="6">
              <value>
                <![CDATA[.transition]]>
              </value>
            </param>
            <param index="7">
              <value>
                <![CDATA[Value not exists]]>
              </value>
            </param>
          </params>
          <reporter-output>
          </reporter-output>
        </test-method> <!-- CGApplicationPageErrorHandling -->
        <test-method status="PASS" signature="closePage(org.testng.ITestResult)[pri:0, instance:com.verifone.tests.CGApplicationPage@6ac13091]" name="closePage" is-config="true" duration-ms="30" started-at="2018-05-01T15:20:23Z" finished-at="2018-05-01T15:20:24Z">
          <params>
            <param index="0">
              <value>
                <![CDATA[[TestResult name=CGApplicationPageErrorHandling status=SUCCESS method=CGApplicationPage.CGApplicationPageErrorHandling(java.lang.String, java.lang.String, java.lang.String, java.lang.String, java.lang.String, java.lang.String, java.lang.String, java.lang.String)[pri:0, instance:com.verifone.tests.CGApplicationPage@6ac13091] output={null}]]]>
              </value>
            </param>
          </params>
          <reporter-output>
          </reporter-output>
        </test-method> <!-- closePage -->
        <test-method status="PASS" signature="CGApplicationPageErrorHandling(java.lang.String, java.lang.String, java.lang.String, java.lang.String, java.lang.String, java.lang.String, java.lang.String, java.lang.String)[pri:0, instance:com.verifone.tests.CGApplicationPage@6ac13091]" name="CGApplicationPageErrorHandling" duration-ms="15518" started-at="2018-05-01T15:20:24Z" data-provider="C_ErrorHandling" finished-at="2018-05-01T15:20:39Z">
          <params>
            <param index="0">
              <value>
                <![CDATA[seleniumTestE4]]>
              </value>
            </param>
            <param index="1">
              <value>
                <![CDATA[1.1 ]]>
              </value>
            </param>
            <param index="2">
              <value>
                <![CDATA[seleniumTest16]]>
              </value>
            </param>
            <param index="3">
              <value>
                <![CDATA[Active]]>
              </value>
            </param>
            <param index="4">
              <value>
                <![CDATA[Control]]>
              </value>
            </param>
            <param index="5">
              <value>
                <![CDATA[String]]>
              </value>
            </param>
            <param index="6">
              <value>
                <![CDATA[.transition]]>
              </value>
            </param>
            <param index="7">
              <value>
                <![CDATA[throttlingMaxRequestCount must be greater than 0
The value must be in the range 1 - 1500]]>
              </value>
            </param>
          </params>
          <reporter-output>
          </reporter-output>
        </test-method> <!-- CGApplicationPageErrorHandling -->
        <test-method status="PASS" signature="closePage(org.testng.ITestResult)[pri:0, instance:com.verifone.tests.CGApplicationPage@6ac13091]" name="closePage" is-config="true" duration-ms="33" started-at="2018-05-01T15:20:39Z" finished-at="2018-05-01T15:20:39Z">
          <params>
            <param index="0">
              <value>
                <![CDATA[[TestResult name=CGApplicationPageErrorHandling status=SUCCESS method=CGApplicationPage.CGApplicationPageErrorHandling(java.lang.String, java.lang.String, java.lang.String, java.lang.String, java.lang.String, java.lang.String, java.lang.String, java.lang.String)[pri:0, instance:com.verifone.tests.CGApplicationPage@6ac13091] output={null}]]]>
              </value>
            </param>
          </params>
          <reporter-output>
          </reporter-output>
        </test-method> <!-- closePage -->
        <test-method status="PASS" signature="CGApplicationPageErrorHandling(java.lang.String, java.lang.String, java.lang.String, java.lang.String, java.lang.String, java.lang.String, java.lang.String, java.lang.String)[pri:0, instance:com.verifone.tests.CGApplicationPage@6ac13091]" name="CGApplicationPageErrorHandling" duration-ms="15366" started-at="2018-05-01T15:20:39Z" data-provider="C_ErrorHandling" finished-at="2018-05-01T15:20:54Z">
          <params>
            <param index="0">
              <value>
                <![CDATA[seleniumTestE5]]>
              </value>
            </param>
            <param index="1">
              <value>
                <![CDATA[1.1 ]]>
              </value>
            </param>
            <param index="2">
              <value>
                <![CDATA[seleniumTest17]]>
              </value>
            </param>
            <param index="3">
              <value>
                <![CDATA[Active]]>
              </value>
            </param>
            <param index="4">
              <value>
                <![CDATA[Control]]>
              </value>
            </param>
            <param index="5">
              <value>
                <![CDATA[0]]>
              </value>
            </param>
            <param index="6">
              <value>
                <![CDATA[.transition]]>
              </value>
            </param>
            <param index="7">
              <value>
                <![CDATA[throttlingMaxRequestCount must be greater than 0]]>
              </value>
            </param>
          </params>
          <reporter-output>
          </reporter-output>
        </test-method> <!-- CGApplicationPageErrorHandling -->
        <test-method status="PASS" signature="closePage(org.testng.ITestResult)[pri:0, instance:com.verifone.tests.CGApplicationPage@6ac13091]" name="closePage" is-config="true" duration-ms="25" started-at="2018-05-01T15:20:54Z" finished-at="2018-05-01T15:20:54Z">
          <params>
            <param index="0">
              <value>
                <![CDATA[[TestResult name=CGApplicationPageErrorHandling status=SUCCESS method=CGApplicationPage.CGApplicationPageErrorHandling(java.lang.String, java.lang.String, java.lang.String, java.lang.String, java.lang.String, java.lang.String, java.lang.String, java.lang.String)[pri:0, instance:com.verifone.tests.CGApplicationPage@6ac13091] output={null}]]]>
              </value>
            </param>
          </params>
          <reporter-output>
          </reporter-output>
        </test-method> <!-- closePage -->
        <test-method status="PASS" signature="CGApplicationPageErrorHandling(java.lang.String, java.lang.String, java.lang.String, java.lang.String, java.lang.String, java.lang.String, java.lang.String, java.lang.String)[pri:0, instance:com.verifone.tests.CGApplicationPage@6ac13091]" name="CGApplicationPageErrorHandling" duration-ms="15307" started-at="2018-05-01T15:20:54Z" data-provider="C_ErrorHandling" finished-at="2018-05-01T15:21:10Z">
          <params>
            <param index="0">
              <value>
                <![CDATA[seleniumTestE6]]>
              </value>
            </param>
            <param index="1">
              <value>
                <![CDATA[1.1 ]]>
              </value>
            </param>
            <param index="2">
              <value>
                <![CDATA[seleniumTest12]]>
              </value>
            </param>
            <param index="3">
              <value>
                <![CDATA[Active]]>
              </value>
            </param>
            <param index="4">
              <value>
                <![CDATA[Control]]>
              </value>
            </param>
            <param index="5">
              <value>
                <![CDATA[1501]]>
              </value>
            </param>
            <param index="6">
              <value>
                <![CDATA[.transition]]>
              </value>
            </param>
            <param index="7">
              <value>
                <![CDATA[The value must be in the range 1 - 1500]]>
              </value>
            </param>
          </params>
          <reporter-output>
          </reporter-output>
        </test-method> <!-- CGApplicationPageErrorHandling -->
        <test-method status="PASS" signature="closePage(org.testng.ITestResult)[pri:0, instance:com.verifone.tests.CGApplicationPage@6ac13091]" name="closePage" is-config="true" duration-ms="22" started-at="2018-05-01T15:21:10Z" finished-at="2018-05-01T15:21:10Z">
          <params>
            <param index="0">
              <value>
                <![CDATA[[TestResult name=CGApplicationPageErrorHandling status=SUCCESS method=CGApplicationPage.CGApplicationPageErrorHandling(java.lang.String, java.lang.String, java.lang.String, java.lang.String, java.lang.String, java.lang.String, java.lang.String, java.lang.String)[pri:0, instance:com.verifone.tests.CGApplicationPage@6ac13091] output={null}]]]>
              </value>
            </param>
          </params>
          <reporter-output>
          </reporter-output>
        </test-method> <!-- closePage -->
        <test-method status="PASS" signature="CGApplicationPageMandatoryFields(java.lang.String, java.lang.String, java.lang.String, java.lang.String, java.lang.String, java.lang.String, java.lang.String, java.lang.String)[pri:0, instance:com.verifone.tests.CGApplicationPage@6ac13091]" name="CGApplicationPageMandatoryFields" duration-ms="8754" started-at="2018-05-01T15:21:10Z" data-provider="A_MandatoryFields" finished-at="2018-05-01T15:21:19Z">
          <params>
            <param index="0">
              <value>
                <![CDATA[99]]>
              </value>
            </param>
            <param index="1">
              <value>
                <![CDATA[1.1 ]]>
              </value>
            </param>
            <param index="2">
              <value>
                <![CDATA[seleniumTestName2]]>
              </value>
            </param>
            <param index="3">
              <value>
                <![CDATA[Active]]>
              </value>
            </param>
            <param index="4">
              <value>
                <![CDATA[Control]]>
              </value>
            </param>
            <param index="5">
              <value>
                <![CDATA[1500]]>
              </value>
            </param>
            <param index="6">
              <value>
                <![CDATA[.transition]]>
              </value>
            </param>
            <param index="7">
              <value>
                <![CDATA[Field is Required]]>
              </value>
            </param>
          </params>
          <reporter-output>
          </reporter-output>
        </test-method> <!-- CGApplicationPageMandatoryFields -->
        <test-method status="PASS" signature="closePage(org.testng.ITestResult)[pri:0, instance:com.verifone.tests.CGApplicationPage@6ac13091]" name="closePage" is-config="true" duration-ms="26" started-at="2018-05-01T15:21:19Z" finished-at="2018-05-01T15:21:19Z">
          <params>
            <param index="0">
              <value>
                <![CDATA[[TestResult name=CGApplicationPageMandatoryFields status=SUCCESS method=CGApplicationPage.CGApplicationPageMandatoryFields(java.lang.String, java.lang.String, java.lang.String, java.lang.String, java.lang.String, java.lang.String, java.lang.String, java.lang.String)[pri:0, instance:com.verifone.tests.CGApplicationPage@6ac13091] output={null}]]]>
              </value>
            </param>
          </params>
          <reporter-output>
          </reporter-output>
        </test-method> <!-- closePage -->
        <test-method status="PASS" signature="CGApplicationPageMandatoryFields(java.lang.String, java.lang.String, java.lang.String, java.lang.String, java.lang.String, java.lang.String, java.lang.String, java.lang.String)[pri:0, instance:com.verifone.tests.CGApplicationPage@6ac13091]" name="CGApplicationPageMandatoryFields" duration-ms="8774" started-at="2018-05-01T15:21:19Z" data-provider="A_MandatoryFields" finished-at="2018-05-01T15:21:27Z">
          <params>
            <param index="0">
              <value>
                <![CDATA[ ]]>
              </value>
            </param>
            <param index="1">
              <value>
                <![CDATA[1.1 ]]>
              </value>
            </param>
            <param index="2">
              <value>
                <![CDATA[seleniumTestName6]]>
              </value>
            </param>
            <param index="3">
              <value>
                <![CDATA[Active]]>
              </value>
            </param>
            <param index="4">
              <value>
                <![CDATA[Control]]>
              </value>
            </param>
            <param index="5">
              <value>
                <![CDATA[1500]]>
              </value>
            </param>
            <param index="6">
              <value>
                <![CDATA[.transition]]>
              </value>
            </param>
            <param index="7">
              <value>
                <![CDATA[Field is Required]]>
              </value>
            </param>
          </params>
          <reporter-output>
          </reporter-output>
        </test-method> <!-- CGApplicationPageMandatoryFields -->
        <test-method status="PASS" signature="closePage(org.testng.ITestResult)[pri:0, instance:com.verifone.tests.CGApplicationPage@6ac13091]" name="closePage" is-config="true" duration-ms="26" started-at="2018-05-01T15:21:27Z" finished-at="2018-05-01T15:21:27Z">
          <params>
            <param index="0">
              <value>
                <![CDATA[[TestResult name=CGApplicationPageMandatoryFields status=SUCCESS method=CGApplicationPage.CGApplicationPageMandatoryFields(java.lang.String, java.lang.String, java.lang.String, java.lang.String, java.lang.String, java.lang.String, java.lang.String, java.lang.String)[pri:0, instance:com.verifone.tests.CGApplicationPage@6ac13091] output={null}]]]>
              </value>
            </param>
          </params>
          <reporter-output>
          </reporter-output>
        </test-method> <!-- closePage -->
        <test-method status="PASS" signature="CGApplicationPageMandatoryFields(java.lang.String, java.lang.String, java.lang.String, java.lang.String, java.lang.String, java.lang.String, java.lang.String, java.lang.String)[pri:0, instance:com.verifone.tests.CGApplicationPage@6ac13091]" name="CGApplicationPageMandatoryFields" duration-ms="8875" started-at="2018-05-01T15:21:27Z" data-provider="A_MandatoryFields" finished-at="2018-05-01T15:21:36Z">
          <params>
            <param index="0">
              <value>
                <![CDATA[seleniumTestM1]]>
              </value>
            </param>
            <param index="1">
              <value>
                <![CDATA[99]]>
              </value>
            </param>
            <param index="2">
              <value>
                <![CDATA[seleniumTestName1]]>
              </value>
            </param>
            <param index="3">
              <value>
                <![CDATA[Active]]>
              </value>
            </param>
            <param index="4">
              <value>
                <![CDATA[Control]]>
              </value>
            </param>
            <param index="5">
              <value>
                <![CDATA[1500]]>
              </value>
            </param>
            <param index="6">
              <value>
                <![CDATA[.transition]]>
              </value>
            </param>
            <param index="7">
              <value>
                <![CDATA[Field is Required]]>
              </value>
            </param>
          </params>
          <reporter-output>
          </reporter-output>
        </test-method> <!-- CGApplicationPageMandatoryFields -->
        <test-method status="PASS" signature="closePage(org.testng.ITestResult)[pri:0, instance:com.verifone.tests.CGApplicationPage@6ac13091]" name="closePage" is-config="true" duration-ms="25" started-at="2018-05-01T15:21:36Z" finished-at="2018-05-01T15:21:36Z">
          <params>
            <param index="0">
              <value>
                <![CDATA[[TestResult name=CGApplicationPageMandatoryFields status=SUCCESS method=CGApplicationPage.CGApplicationPageMandatoryFields(java.lang.String, java.lang.String, java.lang.String, java.lang.String, java.lang.String, java.lang.String, java.lang.String, java.lang.String)[pri:0, instance:com.verifone.tests.CGApplicationPage@6ac13091] output={null}]]]>
              </value>
            </param>
          </params>
          <reporter-output>
          </reporter-output>
        </test-method> <!-- closePage -->
        <test-method status="PASS" signature="CGApplicationPageMandatoryFields(java.lang.String, java.lang.String, java.lang.String, java.lang.String, java.lang.String, java.lang.String, java.lang.String, java.lang.String)[pri:0, instance:com.verifone.tests.CGApplicationPage@6ac13091]" name="CGApplicationPageMandatoryFields" duration-ms="8779" started-at="2018-05-01T15:21:36Z" data-provider="A_MandatoryFields" finished-at="2018-05-01T15:21:45Z">
          <params>
            <param index="0">
              <value>
                <![CDATA[seleniumTestM2]]>
              </value>
            </param>
            <param index="1">
              <value>
                <![CDATA[ ]]>
              </value>
            </param>
            <param index="2">
              <value>
                <![CDATA[seleniumTestName7]]>
              </value>
            </param>
            <param index="3">
              <value>
                <![CDATA[Active]]>
              </value>
            </param>
            <param index="4">
              <value>
                <![CDATA[Control]]>
              </value>
            </param>
            <param index="5">
              <value>
                <![CDATA[1500]]>
              </value>
            </param>
            <param index="6">
              <value>
                <![CDATA[.transition]]>
              </value>
            </param>
            <param index="7">
              <value>
                <![CDATA[Field is Required]]>
              </value>
            </param>
          </params>
          <reporter-output>
          </reporter-output>
        </test-method> <!-- CGApplicationPageMandatoryFields -->
        <test-method status="PASS" signature="closePage(org.testng.ITestResult)[pri:0, instance:com.verifone.tests.CGApplicationPage@6ac13091]" name="closePage" is-config="true" duration-ms="21" started-at="2018-05-01T15:21:45Z" finished-at="2018-05-01T15:21:45Z">
          <params>
            <param index="0">
              <value>
                <![CDATA[[TestResult name=CGApplicationPageMandatoryFields status=SUCCESS method=CGApplicationPage.CGApplicationPageMandatoryFields(java.lang.String, java.lang.String, java.lang.String, java.lang.String, java.lang.String, java.lang.String, java.lang.String, java.lang.String)[pri:0, instance:com.verifone.tests.CGApplicationPage@6ac13091] output={null}]]]>
              </value>
            </param>
          </params>
          <reporter-output>
          </reporter-output>
        </test-method> <!-- closePage -->
        <test-method status="PASS" signature="CGApplicationPageMandatoryFields(java.lang.String, java.lang.String, java.lang.String, java.lang.String, java.lang.String, java.lang.String, java.lang.String, java.lang.String)[pri:0, instance:com.verifone.tests.CGApplicationPage@6ac13091]" name="CGApplicationPageMandatoryFields" duration-ms="12211" started-at="2018-05-01T15:21:45Z" data-provider="A_MandatoryFields" finished-at="2018-05-01T15:21:57Z">
          <params>
            <param index="0">
              <value>
                <![CDATA[seleniumTestM3]]>
              </value>
            </param>
            <param index="1">
              <value>
                <![CDATA[1.1 ]]>
              </value>
            </param>
            <param index="2">
              <value>
                <![CDATA[seleniumTestName10]]>
              </value>
            </param>
            <param index="3">
              <value>
                <![CDATA[99]]>
              </value>
            </param>
            <param index="4">
              <value>
                <![CDATA[Control]]>
              </value>
            </param>
            <param index="5">
              <value>
                <![CDATA[1500]]>
              </value>
            </param>
            <param index="6">
              <value>
                <![CDATA[.transition]]>
              </value>
            </param>
            <param index="7">
              <value>
                <![CDATA[Field is Required]]>
              </value>
            </param>
          </params>
          <reporter-output>
          </reporter-output>
        </test-method> <!-- CGApplicationPageMandatoryFields -->
        <test-method status="PASS" signature="closePage(org.testng.ITestResult)[pri:0, instance:com.verifone.tests.CGApplicationPage@6ac13091]" name="closePage" is-config="true" duration-ms="29" started-at="2018-05-01T15:21:57Z" finished-at="2018-05-01T15:21:57Z">
          <params>
            <param index="0">
              <value>
                <![CDATA[[TestResult name=CGApplicationPageMandatoryFields status=SUCCESS method=CGApplicationPage.CGApplicationPageMandatoryFields(java.lang.String, java.lang.String, java.lang.String, java.lang.String, java.lang.String, java.lang.String, java.lang.String, java.lang.String)[pri:0, instance:com.verifone.tests.CGApplicationPage@6ac13091] output={null}]]]>
              </value>
            </param>
          </params>
          <reporter-output>
          </reporter-output>
        </test-method> <!-- closePage -->
        <test-method status="PASS" signature="CGApplicationPageMandatoryFields(java.lang.String, java.lang.String, java.lang.String, java.lang.String, java.lang.String, java.lang.String, java.lang.String, java.lang.String)[pri:0, instance:com.verifone.tests.CGApplicationPage@6ac13091]" name="CGApplicationPageMandatoryFields" duration-ms="12075" started-at="2018-05-01T15:21:57Z" data-provider="A_MandatoryFields" finished-at="2018-05-01T15:22:09Z">
          <params>
            <param index="0">
              <value>
                <![CDATA[seleniumTestM4]]>
              </value>
            </param>
            <param index="1">
              <value>
                <![CDATA[1.1 ]]>
              </value>
            </param>
            <param index="2">
              <value>
                <![CDATA[seleniumTestName13]]>
              </value>
            </param>
            <param index="3">
              <value>
                <![CDATA[Active]]>
              </value>
            </param>
            <param index="4">
              <value>
                <![CDATA[Control]]>
              </value>
            </param>
            <param index="5">
              <value>
                <![CDATA[99]]>
              </value>
            </param>
            <param index="6">
              <value>
                <![CDATA[.transition]]>
              </value>
            </param>
            <param index="7">
              <value>
                <![CDATA[Field is Required]]>
              </value>
            </param>
          </params>
          <reporter-output>
          </reporter-output>
        </test-method> <!-- CGApplicationPageMandatoryFields -->
        <test-method status="PASS" signature="closePage(org.testng.ITestResult)[pri:0, instance:com.verifone.tests.CGApplicationPage@6ac13091]" name="closePage" is-config="true" duration-ms="19" started-at="2018-05-01T15:22:09Z" finished-at="2018-05-01T15:22:09Z">
          <params>
            <param index="0">
              <value>
                <![CDATA[[TestResult name=CGApplicationPageMandatoryFields status=SUCCESS method=CGApplicationPage.CGApplicationPageMandatoryFields(java.lang.String, java.lang.String, java.lang.String, java.lang.String, java.lang.String, java.lang.String, java.lang.String, java.lang.String)[pri:0, instance:com.verifone.tests.CGApplicationPage@6ac13091] output={null}]]]>
              </value>
            </param>
          </params>
          <reporter-output>
          </reporter-output>
        </test-method> <!-- closePage -->
        <test-method status="FAIL" signature="CGApplicationPageMandatoryFields(java.lang.String, java.lang.String, java.lang.String, java.lang.String, java.lang.String, java.lang.String, java.lang.String, java.lang.String)[pri:0, instance:com.verifone.tests.CGApplicationPage@6ac13091]" name="CGApplicationPageMandatoryFields" duration-ms="71847" started-at="2018-05-01T15:22:09Z" data-provider="A_MandatoryFields" finished-at="2018-05-01T15:23:21Z">
          <params>
            <param index="0">
              <value>
                <![CDATA[seleniumTestM5]]>
              </value>
            </param>
            <param index="1">
              <value>
                <![CDATA[1.1 ]]>
              </value>
            </param>
            <param index="2">
              <value>
                <![CDATA[seleniumTestName18]]>
              </value>
            </param>
            <param index="3">
              <value>
                <![CDATA[Active]]>
              </value>
            </param>
            <param index="4">
              <value>
                <![CDATA[99]]>
              </value>
            </param>
            <param index="5">
              <value>
                <![CDATA[1500]]>
              </value>
            </param>
            <param index="6">
              <value>
                <![CDATA[.transition]]>
              </value>
            </param>
            <param index="7">
              <value>
                <![CDATA[Field is Required]]>
              </value>
            </param>
          </params>
          <exception class="java.lang.AssertionError">
            <message>
              <![CDATA[expected [Field is Required] but found [Error message not found!]]]>
            </message>
            <full-stacktrace>
              <![CDATA[java.lang.AssertionError: expected [Field is Required] but found [Error message not found!]
at org.testng.Assert.fail(Assert.java:96)
at org.testng.Assert.failNotEquals(Assert.java:776)
at org.testng.Assert.assertEqualsImpl(Assert.java:137)
at org.testng.Assert.assertEquals(Assert.java:118)
at org.testng.Assert.assertEquals(Assert.java:453)
at org.testng.Assert.assertEquals(Assert.java:463)
at com.verifone.tests.CGApplicationPage.CGApplicationPageMandatoryFields(CGApplicationPage.java:229)
at sun.reflect.NativeMethodAccessorImpl.invoke0(Native Method)
at sun.reflect.NativeMethodAccessorImpl.invoke(Unknown Source)
at sun.reflect.DelegatingMethodAccessorImpl.invoke(Unknown Source)
at java.lang.reflect.Method.invoke(Unknown Source)
at org.testng.internal.MethodInvocationHelper.invokeMethod(MethodInvocationHelper.java:124)
at org.testng.internal.Invoker.invokeMethod(Invoker.java:580)
at org.testng.internal.Invoker.invokeTestMethod(Invoker.java:716)
at org.testng.internal.Invoker.invokeTestMethods(Invoker.java:988)
at org.testng.internal.TestMethodWorker.invokeTestMethods(TestMethodWorker.java:125)
at org.testng.internal.TestMethodWorker.run(TestMethodWorker.java:109)
at org.testng.TestRunner.privateRun(TestRunner.java:648)
at org.testng.TestRunner.run(TestRunner.java:505)
at org.testng.SuiteRunner.runTest(SuiteRunner.java:455)
at org.testng.SuiteRunner.runSequentially(SuiteRunner.java:450)
at org.testng.SuiteRunner.privateRun(SuiteRunner.java:415)
at org.testng.SuiteRunner.run(SuiteRunner.java:364)
at org.testng.SuiteRunnerWorker.runSuite(SuiteRunnerWorker.java:52)
at org.testng.SuiteRunnerWorker.run(SuiteRunnerWorker.java:84)
at org.testng.TestNG.runSuitesSequentially(TestNG.java:1208)
at org.testng.TestNG.runSuitesLocally(TestNG.java:1137)
at org.testng.TestNG.runSuites(TestNG.java:1049)
at org.testng.TestNG.run(TestNG.java:1017)
at org.testng.remote.AbstractRemoteTestNG.run(AbstractRemoteTestNG.java:114)
at org.testng.remote.RemoteTestNG.initAndRun(RemoteTestNG.java:251)
at org.testng.remote.RemoteTestNG.main(RemoteTestNG.java:77)
]]>
            </full-stacktrace>
          </exception> <!-- java.lang.AssertionError -->
          <reporter-output>
          </reporter-output>
        </test-method> <!-- CGApplicationPageMandatoryFields -->
        <test-method status="PASS" signature="closePage(org.testng.ITestResult)[pri:0, instance:com.verifone.tests.CGApplicationPage@6ac13091]" name="closePage" is-config="true" duration-ms="5985" started-at="2018-05-01T15:23:21Z" finished-at="2018-05-01T15:23:27Z">
          <params>
            <param index="0">
              <value>
                <![CDATA[[TestResult name=CGApplicationPageMandatoryFields status=FAILURE method=CGApplicationPage.CGApplicationPageMandatoryFields(java.lang.String, java.lang.String, java.lang.String, java.lang.String, java.lang.String, java.lang.String, java.lang.String, java.lang.String)[pri:0, instance:com.verifone.tests.CGApplicationPage@6ac13091] output={null}]]]>
              </value>
            </param>
          </params>
          <reporter-output>
          </reporter-output>
        </test-method> <!-- closePage -->
        <test-method status="PASS" signature="CGApplicationPageMaxLengthValue(java.lang.String, java.lang.String, java.lang.String, java.lang.String, java.lang.String, java.lang.String, java.lang.String, java.lang.String)[pri:0, instance:com.verifone.tests.CGApplicationPage@6ac13091]" name="CGApplicationPageMaxLengthValue" duration-ms="18177" started-at="2018-05-01T15:23:27Z" data-provider="D_MaxLengthValue" finished-at="2018-05-01T15:23:45Z">
          <params>
            <param index="0">
              <value>
                <![CDATA[seleniumTest5Longmorethan60characters123456789012345678901234]]>
              </value>
            </param>
            <param index="1">
              <value>
                <![CDATA[1.1 ]]>
              </value>
            </param>
            <param index="2">
              <value>
                <![CDATA[seleniumTestName5]]>
              </value>
            </param>
            <param index="3">
              <value>
                <![CDATA[Active]]>
              </value>
            </param>
            <param index="4">
              <value>
                <![CDATA[Control]]>
              </value>
            </param>
            <param index="5">
              <value>
                <![CDATA[1500]]>
              </value>
            </param>
            <param index="6">
              <value>
                <![CDATA[.transition]]>
              </value>
            </param>
            <param index="7">
              <value>
                <![CDATA[appID should contain no more than 60 characters]]>
              </value>
            </param>
          </params>
          <reporter-output>
          </reporter-output>
        </test-method> <!-- CGApplicationPageMaxLengthValue -->
        <test-method status="PASS" signature="closePage(org.testng.ITestResult)[pri:0, instance:com.verifone.tests.CGApplicationPage@6ac13091]" name="closePage" is-config="true" duration-ms="25" started-at="2018-05-01T15:23:45Z" finished-at="2018-05-01T15:23:45Z">
          <params>
            <param index="0">
              <value>
                <![CDATA[[TestResult name=CGApplicationPageMaxLengthValue status=SUCCESS method=CGApplicationPage.CGApplicationPageMaxLengthValue(java.lang.String, java.lang.String, java.lang.String, java.lang.String, java.lang.String, java.lang.String, java.lang.String, java.lang.String)[pri:0, instance:com.verifone.tests.CGApplicationPage@6ac13091] output={null}]]]>
              </value>
            </param>
          </params>
          <reporter-output>
          </reporter-output>
        </test-method> <!-- closePage -->
        <test-method status="PASS" signature="CGApplicationPageMaxLengthValue(java.lang.String, java.lang.String, java.lang.String, java.lang.String, java.lang.String, java.lang.String, java.lang.String, java.lang.String)[pri:0, instance:com.verifone.tests.CGApplicationPage@6ac13091]" name="CGApplicationPageMaxLengthValue" duration-ms="12907" started-at="2018-05-01T15:23:45Z" data-provider="D_MaxLengthValue" finished-at="2018-05-01T15:23:58Z">
          <params>
            <param index="0">
              <value>
                <![CDATA[seleniumTestMax1]]>
              </value>
            </param>
            <param index="1">
              <value>
                <![CDATA[1.1 ]]>
              </value>
            </param>
            <param index="2">
              <value>
                <![CDATA[seleniumTest9Longmorethan100characters123456789012345678901234567890123456789012345678901234567890123]]>
              </value>
            </param>
            <param index="3">
              <value>
                <![CDATA[Active]]>
              </value>
            </param>
            <param index="4">
              <value>
                <![CDATA[Control]]>
              </value>
            </param>
            <param index="5">
              <value>
                <![CDATA[1500]]>
              </value>
            </param>
            <param index="6">
              <value>
                <![CDATA[.transition]]>
              </value>
            </param>
            <param index="7">
              <value>
                <![CDATA[name should contain no more than 100 characters]]>
              </value>
            </param>
          </params>
          <reporter-output>
          </reporter-output>
        </test-method> <!-- CGApplicationPageMaxLengthValue -->
        <test-method status="PASS" signature="closePage(org.testng.ITestResult)[pri:0, instance:com.verifone.tests.CGApplicationPage@6ac13091]" name="closePage" is-config="true" duration-ms="28" started-at="2018-05-01T15:23:58Z" finished-at="2018-05-01T15:23:58Z">
          <params>
            <param index="0">
              <value>
                <![CDATA[[TestResult name=CGApplicationPageMaxLengthValue status=SUCCESS method=CGApplicationPage.CGApplicationPageMaxLengthValue(java.lang.String, java.lang.String, java.lang.String, java.lang.String, java.lang.String, java.lang.String, java.lang.String, java.lang.String)[pri:0, instance:com.verifone.tests.CGApplicationPage@6ac13091] output={null}]]]>
              </value>
            </param>
          </params>
          <reporter-output>
          </reporter-output>
        </test-method> <!-- closePage -->
        <test-method status="PASS" signature="CGApplicationPageMaxLengthValue(java.lang.String, java.lang.String, java.lang.String, java.lang.String, java.lang.String, java.lang.String, java.lang.String, java.lang.String)[pri:0, instance:com.verifone.tests.CGApplicationPage@6ac13091]" name="CGApplicationPageMaxLengthValue" duration-ms="30242" started-at="2018-05-01T15:23:58Z" data-provider="D_MaxLengthValue" finished-at="2018-05-01T15:24:29Z">
          <params>
            <param index="0">
              <value>
                <![CDATA[seleniumTest20Longis60characters1234567890123456789012345678]]>
              </value>
            </param>
            <param index="1">
              <value>
                <![CDATA[1.1 ]]>
              </value>
            </param>
            <param index="2">
              <value>
                <![CDATA[seleniumTest20Longis100characters1234567890123456789012345678901234567890123456789012345678901234567]]>
              </value>
            </param>
            <param index="3">
              <value>
                <![CDATA[Active]]>
              </value>
            </param>
            <param index="4">
              <value>
                <![CDATA[Control]]>
              </value>
            </param>
            <param index="5">
              <value>
                <![CDATA[1]]>
              </value>
            </param>
            <param index="6">
              <value>
                <![CDATA[.toast-message]]>
              </value>
            </param>
            <param index="7">
              <value>
                <![CDATA[Succeeded.]]>
              </value>
            </param>
          </params>
          <reporter-output>
          </reporter-output>
        </test-method> <!-- CGApplicationPageMaxLengthValue -->
        <test-method status="PASS" signature="closePage(org.testng.ITestResult)[pri:0, instance:com.verifone.tests.CGApplicationPage@6ac13091]" name="closePage" is-config="true" duration-ms="15" started-at="2018-05-01T15:24:29Z" finished-at="2018-05-01T15:24:29Z">
          <params>
            <param index="0">
              <value>
                <![CDATA[[TestResult name=CGApplicationPageMaxLengthValue status=SUCCESS method=CGApplicationPage.CGApplicationPageMaxLengthValue(java.lang.String, java.lang.String, java.lang.String, java.lang.String, java.lang.String, java.lang.String, java.lang.String, java.lang.String)[pri:0, instance:com.verifone.tests.CGApplicationPage@6ac13091] output={null}]]]>
              </value>
            </param>
          </params>
          <reporter-output>
          </reporter-output>
        </test-method> <!-- closePage -->
        <test-method status="PASS" signature="CGApplicationPageTypeValidation(java.lang.String, java.lang.String, java.lang.String, java.lang.String, java.lang.String, java.lang.String, java.lang.String, java.lang.String)[pri:0, instance:com.verifone.tests.CGApplicationPage@6ac13091]" name="CGApplicationPageTypeValidation" duration-ms="12412" started-at="2018-05-01T15:24:29Z" data-provider="B_TypeValidation" finished-at="2018-05-01T15:24:41Z">
          <params>
            <param index="0">
              <value>
                <![CDATA[seleniumTestT1]]>
              </value>
            </param>
            <param index="1">
              <value>
                <![CDATA[invalidVersion]]>
              </value>
            </param>
            <param index="2">
              <value>
                <![CDATA[seleniumTestName4]]>
              </value>
            </param>
            <param index="3">
              <value>
                <![CDATA[Active]]>
              </value>
            </param>
            <param index="4">
              <value>
                <![CDATA[Control]]>
              </value>
            </param>
            <param index="5">
              <value>
                <![CDATA[1500]]>
              </value>
            </param>
            <param index="6">
              <value>
                <![CDATA[.transition]]>
              </value>
            </param>
            <param index="7">
              <value>
                <![CDATA[The value is not valid]]>
              </value>
            </param>
          </params>
          <reporter-output>
          </reporter-output>
        </test-method> <!-- CGApplicationPageTypeValidation -->
        <test-method status="PASS" signature="closePage(org.testng.ITestResult)[pri:0, instance:com.verifone.tests.CGApplicationPage@6ac13091]" name="closePage" is-config="true" duration-ms="27" started-at="2018-05-01T15:24:41Z" finished-at="2018-05-01T15:24:41Z">
          <params>
            <param index="0">
              <value>
                <![CDATA[[TestResult name=CGApplicationPageTypeValidation status=SUCCESS method=CGApplicationPage.CGApplicationPageTypeValidation(java.lang.String, java.lang.String, java.lang.String, java.lang.String, java.lang.String, java.lang.String, java.lang.String, java.lang.String)[pri:0, instance:com.verifone.tests.CGApplicationPage@6ac13091] output={null}]]]>
              </value>
            </param>
          </params>
          <reporter-output>
          </reporter-output>
        </test-method> <!-- closePage -->
        <test-method status="PASS" signature="CGApplicationPageTypeValidation(java.lang.String, java.lang.String, java.lang.String, java.lang.String, java.lang.String, java.lang.String, java.lang.String, java.lang.String)[pri:0, instance:com.verifone.tests.CGApplicationPage@6ac13091]" name="CGApplicationPageTypeValidation" duration-ms="15604" started-at="2018-05-01T15:24:41Z" data-provider="B_TypeValidation" finished-at="2018-05-01T15:24:57Z">
          <params>
            <param index="0">
              <value>
                <![CDATA[seleniumTestT2]]>
              </value>
            </param>
            <param index="1">
              <value>
                <![CDATA[1.1 ]]>
              </value>
            </param>
            <param index="2">
              <value>
                <![CDATA[seleniumTest11]]>
              </value>
            </param>
            <param index="3">
              <value>
                <![CDATA[WrongStatus]]>
              </value>
            </param>
            <param index="4">
              <value>
                <![CDATA[Control]]>
              </value>
            </param>
            <param index="5">
              <value>
                <![CDATA[1500]]>
              </value>
            </param>
            <param index="6">
              <value>
                <![CDATA[.transition]]>
              </value>
            </param>
            <param index="7">
              <value>
                <![CDATA[Value not exists]]>
              </value>
            </param>
          </params>
          <reporter-output>
          </reporter-output>
        </test-method> <!-- CGApplicationPageTypeValidation -->
        <test-method status="PASS" signature="closePage(org.testng.ITestResult)[pri:0, instance:com.verifone.tests.CGApplicationPage@6ac13091]" name="closePage" is-config="true" duration-ms="27" started-at="2018-05-01T15:24:57Z" finished-at="2018-05-01T15:24:57Z">
          <params>
            <param index="0">
              <value>
                <![CDATA[[TestResult name=CGApplicationPageTypeValidation status=SUCCESS method=CGApplicationPage.CGApplicationPageTypeValidation(java.lang.String, java.lang.String, java.lang.String, java.lang.String, java.lang.String, java.lang.String, java.lang.String, java.lang.String)[pri:0, instance:com.verifone.tests.CGApplicationPage@6ac13091] output={null}]]]>
              </value>
            </param>
          </params>
          <reporter-output>
          </reporter-output>
        </test-method> <!-- closePage -->
        <test-method status="PASS" signature="CGApplicationPageTypeValidation(java.lang.String, java.lang.String, java.lang.String, java.lang.String, java.lang.String, java.lang.String, java.lang.String, java.lang.String)[pri:0, instance:com.verifone.tests.CGApplicationPage@6ac13091]" name="CGApplicationPageTypeValidation" duration-ms="15409" started-at="2018-05-01T15:24:57Z" data-provider="B_TypeValidation" finished-at="2018-05-01T15:25:12Z">
          <params>
            <param index="0">
              <value>
                <![CDATA[seleniumTestT3]]>
              </value>
            </param>
            <param index="1">
              <value>
                <![CDATA[1.1 ]]>
              </value>
            </param>
            <param index="2">
              <value>
                <![CDATA[seleniumTest16]]>
              </value>
            </param>
            <param index="3">
              <value>
                <![CDATA[Active]]>
              </value>
            </param>
            <param index="4">
              <value>
                <![CDATA[Control]]>
              </value>
            </param>
            <param index="5">
              <value>
                <![CDATA[String]]>
              </value>
            </param>
            <param index="6">
              <value>
                <![CDATA[.transition]]>
              </value>
            </param>
            <param index="7">
              <value>
                <![CDATA[throttlingMaxRequestCount must be greater than 0
The value must be in the range 1 - 1500]]>
              </value>
            </param>
          </params>
          <reporter-output>
          </reporter-output>
        </test-method> <!-- CGApplicationPageTypeValidation -->
        <test-method status="PASS" signature="closePage(org.testng.ITestResult)[pri:0, instance:com.verifone.tests.CGApplicationPage@6ac13091]" name="closePage" is-config="true" duration-ms="25" started-at="2018-05-01T15:25:12Z" finished-at="2018-05-01T15:25:12Z">
          <params>
            <param index="0">
              <value>
                <![CDATA[[TestResult name=CGApplicationPageTypeValidation status=SUCCESS method=CGApplicationPage.CGApplicationPageTypeValidation(java.lang.String, java.lang.String, java.lang.String, java.lang.String, java.lang.String, java.lang.String, java.lang.String, java.lang.String)[pri:0, instance:com.verifone.tests.CGApplicationPage@6ac13091] output={null}]]]>
              </value>
            </param>
          </params>
          <reporter-output>
          </reporter-output>
        </test-method> <!-- closePage -->
        <test-method status="PASS" signature="CGApplicationPageTypeValidation(java.lang.String, java.lang.String, java.lang.String, java.lang.String, java.lang.String, java.lang.String, java.lang.String, java.lang.String)[pri:0, instance:com.verifone.tests.CGApplicationPage@6ac13091]" name="CGApplicationPageTypeValidation" duration-ms="15324" started-at="2018-05-01T15:25:12Z" data-provider="B_TypeValidation" finished-at="2018-05-01T15:25:27Z">
          <params>
            <param index="0">
              <value>
                <![CDATA[seleniumTestT4]]>
              </value>
            </param>
            <param index="1">
              <value>
                <![CDATA[1.1 ]]>
              </value>
            </param>
            <param index="2">
              <value>
                <![CDATA[seleniumTest17]]>
              </value>
            </param>
            <param index="3">
              <value>
                <![CDATA[Active]]>
              </value>
            </param>
            <param index="4">
              <value>
                <![CDATA[Control]]>
              </value>
            </param>
            <param index="5">
              <value>
                <![CDATA[0]]>
              </value>
            </param>
            <param index="6">
              <value>
                <![CDATA[.transition]]>
              </value>
            </param>
            <param index="7">
              <value>
                <![CDATA[throttlingMaxRequestCount must be greater than 0]]>
              </value>
            </param>
          </params>
          <reporter-output>
          </reporter-output>
        </test-method> <!-- CGApplicationPageTypeValidation -->
        <test-method status="PASS" signature="closePage(org.testng.ITestResult)[pri:0, instance:com.verifone.tests.CGApplicationPage@6ac13091]" name="closePage" is-config="true" duration-ms="18" started-at="2018-05-01T15:25:27Z" finished-at="2018-05-01T15:25:27Z">
          <params>
            <param index="0">
              <value>
                <![CDATA[[TestResult name=CGApplicationPageTypeValidation status=SUCCESS method=CGApplicationPage.CGApplicationPageTypeValidation(java.lang.String, java.lang.String, java.lang.String, java.lang.String, java.lang.String, java.lang.String, java.lang.String, java.lang.String)[pri:0, instance:com.verifone.tests.CGApplicationPage@6ac13091] output={null}]]]>
              </value>
            </param>
          </params>
          <reporter-output>
          </reporter-output>
        </test-method> <!-- closePage -->
        <test-method status="PASS" signature="CGApplicationPageTypeValidation(java.lang.String, java.lang.String, java.lang.String, java.lang.String, java.lang.String, java.lang.String, java.lang.String, java.lang.String)[pri:0, instance:com.verifone.tests.CGApplicationPage@6ac13091]" name="CGApplicationPageTypeValidation" duration-ms="15613" started-at="2018-05-01T15:25:27Z" data-provider="B_TypeValidation" finished-at="2018-05-01T15:25:43Z">
          <params>
            <param index="0">
              <value>
                <![CDATA[seleniumTestT5]]>
              </value>
            </param>
            <param index="1">
              <value>
                <![CDATA[1.1 ]]>
              </value>
            </param>
            <param index="2">
              <value>
                <![CDATA[seleniumTest12]]>
              </value>
            </param>
            <param index="3">
              <value>
                <![CDATA[Active]]>
              </value>
            </param>
            <param index="4">
              <value>
                <![CDATA[Control]]>
              </value>
            </param>
            <param index="5">
              <value>
                <![CDATA[1501]]>
              </value>
            </param>
            <param index="6">
              <value>
                <![CDATA[.transition]]>
              </value>
            </param>
            <param index="7">
              <value>
                <![CDATA[The value must be in the range 1 - 1500]]>
              </value>
            </param>
          </params>
          <reporter-output>
          </reporter-output>
        </test-method> <!-- CGApplicationPageTypeValidation -->
        <test-method status="PASS" signature="closePage(org.testng.ITestResult)[pri:0, instance:com.verifone.tests.CGApplicationPage@6ac13091]" name="closePage" is-config="true" duration-ms="26" started-at="2018-05-01T15:25:43Z" finished-at="2018-05-01T15:25:43Z">
          <params>
            <param index="0">
              <value>
                <![CDATA[[TestResult name=CGApplicationPageTypeValidation status=SUCCESS method=CGApplicationPage.CGApplicationPageTypeValidation(java.lang.String, java.lang.String, java.lang.String, java.lang.String, java.lang.String, java.lang.String, java.lang.String, java.lang.String)[pri:0, instance:com.verifone.tests.CGApplicationPage@6ac13091] output={null}]]]>
              </value>
            </param>
          </params>
          <reporter-output>
          </reporter-output>
        </test-method> <!-- closePage -->
      </class> <!-- com.verifone.tests.CGApplicationPage -->
    </test> <!-- Selenium Web Portal Automation Tests -->
  </suite> <!-- Verifone -->
</testng-results>
