<?xml version="1.0" encoding="UTF-8"?>
<!-- Generated by org.testng.reporters.JUnitXMLReporter -->
<testsuite hostname="tlvyanaf1lt" ignored="0" name="columns" tests="2" failures="0" timestamp="15 Apr 2018 09:08:47 GMT" time="39.453" errors="0">
  <testcase name="@AfterTest closePage1" time="0.0" classname="com.verifone.tests.oldTests.Columns">
    <failure type="org.testng.TestNGException" message="
Can inject only one of &amp;lt;ITestContext, XmlTest&amp;gt; into a @AfterTest annotated closePage1.
For more information on native dependency injection please refer to http://testng.org/doc/documentation-main.html#native-dependency-injection">
      <![CDATA[org.testng.TestNGException: 
Can inject only one of <ITestContext, XmlTest> into a @AfterTest annotated closePage1.
For more information on native dependency injection please refer to http://testng.org/doc/documentation-main.html#native-dependency-injection
... Removed 21 stack frames]]>
    </failure>
  </testcase> <!-- @AfterTest closePage1 -->
  <testcase name="columns" time="11.186" classname="com.verifone.tests.oldTests.Columns"/>
  <testcase name="columns" time="8.881" classname="com.verifone.tests.oldTests.Columns"/>
</testsuite> <!-- columns -->
