<?xml version="1.0" encoding="UTF-8"?>
<!-- Generated by org.testng.reporters.JUnitXMLReporter -->
<testsuite hostname="tlvyanaf1lt" ignored="0" name="com.verifone.tests.columns" tests="31" failures="0" timestamp="17 Apr 2018 15:29:03 GMT" time="676.013" errors="0">
  <testcase name="@AfterMethod closePage" time="1.673" classname="com.verifone.tests.Columns">
    <failure type="org.openqa.selenium.NoSuchSessionException" message="Session ID is null. Using WebDriver after calling quit()?
Build info: version: &amp;apos;3.4.0&amp;apos;, revision: &amp;apos;unknown&amp;apos;, time: &amp;apos;unknown&amp;apos;
System info: host: &amp;apos;TLVYANAF1LT&amp;apos;, ip: &amp;apos;10.160.13.60&amp;apos;, os.name: &amp;apos;Windows 10&amp;apos;, os.arch: &amp;apos;amd64&amp;apos;, os.version: &amp;apos;10.0&amp;apos;, java.version: &amp;apos;1.8.0_162&amp;apos;
Driver info: driver.version: RemoteWebDriver">
      <![CDATA[org.openqa.selenium.NoSuchSessionException: Session ID is null. Using WebDriver after calling quit()?
Build info: version: '3.4.0', revision: 'unknown', time: 'unknown'
System info: host: 'TLVYANAF1LT', ip: '10.160.13.60', os.name: 'Windows 10', os.arch: 'amd64', os.version: '10.0', java.version: '1.8.0_162'
Driver info: driver.version: RemoteWebDriver
at org.openqa.selenium.remote.HttpCommandExecutor.execute(HttpCommandExecutor.java:131)
at org.openqa.selenium.remote.service.DriverCommandExecutor.execute(DriverCommandExecutor.java:82)
at org.openqa.selenium.remote.RemoteWebDriver.execute(RemoteWebDriver.java:637)
at org.openqa.selenium.remote.RemoteWebDriver.execute(RemoteWebDriver.java:694)
at org.openqa.selenium.remote.RemoteWebDriver.close(RemoteWebDriver.java:523)
at com.verifone.tests.Columns.closePage(Columns.java:361)
... Removed 27 stack frames]]>
    </failure>
  </testcase> <!-- @AfterMethod closePage -->
  <testcase name="@AfterTest closePage1" time="0.0" classname="com.verifone.tests.Columns">
    <failure type="org.testng.TestNGException" message="
Can inject only one of &amp;lt;ITestContext, XmlTest&amp;gt; into a @AfterTest annotated closePage1.
For more information on native dependency injection please refer to http://testng.org/doc/documentation-main.html#native-dependency-injection">
      <![CDATA[org.testng.TestNGException: 
Can inject only one of <ITestContext, XmlTest> into a @AfterTest annotated closePage1.
For more information on native dependency injection please refer to http://testng.org/doc/documentation-main.html#native-dependency-injection
... Removed 21 stack frames]]>
    </failure>
  </testcase> <!-- @AfterTest closePage1 -->
  <testcase name="columns" time="16.417" classname="com.verifone.tests.Columns"/>
  <testcase name="columns" time="15.096" classname="com.verifone.tests.Columns"/>
  <testcase name="columns" time="15.67" classname="com.verifone.tests.Columns"/>
  <testcase name="columns" time="21.911" classname="com.verifone.tests.Columns"/>
  <testcase name="columns" time="21.682" classname="com.verifone.tests.Columns"/>
  <testcase name="columns" time="21.515" classname="com.verifone.tests.Columns"/>
  <testcase name="columns" time="21.888" classname="com.verifone.tests.Columns"/>
  <testcase name="columns" time="22.01" classname="com.verifone.tests.Columns"/>
  <testcase name="columns" time="22.842" classname="com.verifone.tests.Columns"/>
  <testcase name="columns" time="21.779" classname="com.verifone.tests.Columns"/>
  <testcase name="columns" time="21.56" classname="com.verifone.tests.Columns"/>
  <testcase name="columns" time="21.192" classname="com.verifone.tests.Columns"/>
  <testcase name="columns" time="21.372" classname="com.verifone.tests.Columns"/>
  <testcase name="columns" time="21.43" classname="com.verifone.tests.Columns"/>
  <testcase name="columns" time="21.422" classname="com.verifone.tests.Columns"/>
  <testcase name="columns" time="21.349" classname="com.verifone.tests.Columns"/>
  <testcase name="columns" time="21.321" classname="com.verifone.tests.Columns"/>
  <testcase name="columns" time="21.647" classname="com.verifone.tests.Columns"/>
  <testcase name="columns" time="21.361" classname="com.verifone.tests.Columns"/>
  <testcase name="columns" time="21.42" classname="com.verifone.tests.Columns"/>
  <testcase name="columns" time="21.313" classname="com.verifone.tests.Columns"/>
  <testcase name="columns" time="21.38" classname="com.verifone.tests.Columns"/>
  <testcase name="columns" time="21.533" classname="com.verifone.tests.Columns"/>
  <testcase name="columns" time="21.236" classname="com.verifone.tests.Columns"/>
  <testcase name="columns" time="21.339" classname="com.verifone.tests.Columns"/>
  <testcase name="columns" time="21.586" classname="com.verifone.tests.Columns"/>
  <testcase name="columns" time="21.293" classname="com.verifone.tests.Columns"/>
  <testcase name="columns" time="21.506" classname="com.verifone.tests.Columns"/>
  <testcase name="columns" time="21.376" classname="com.verifone.tests.Columns"/>
  <testcase name="columns" time="21.64" classname="com.verifone.tests.Columns"/>
  <testcase name="columns" time="21.511" classname="com.verifone.tests.Columns"/>
</testsuite> <!-- com.verifone.tests.columns -->
