<?xml version="1.0" encoding="UTF-8"?>
<!-- Generated by org.testng.reporters.JUnitXMLReporter -->
<testsuite hostname="tlvyanaf1lt" ignored="0" name="Selenium Web Portal Automation Tests" tests="2" failures="0" timestamp="13 May 2018 14:57:12 GMT" time="20.754" errors="0">
  <testcase name="SignUpTest" time="8.276" classname="com.verifone.tests.SignUpTest"/>
  <testcase name="SignUpTest" time="5.21" classname="com.verifone.tests.SignUpTest"/>
</testsuite> <!-- Selenium Web Portal Automation Tests -->
