<?xml version="1.0" encoding="UTF-8"?>
<!-- Generated by org.testng.reporters.JUnitXMLReporter -->
<testsuite hostname="tlvgiorat1lt" ignored="0" name="Selenium Web Portal Automation Tests" tests="3" failures="0" timestamp="10 Apr 2018 10:42:22 GMT" time="15.75" errors="0">
  <testcase name="loginTest" time="0.007" classname="com.verifone.tests.LoginDataDriven"/>
  <testcase name="loginTest" time="0.002" classname="com.verifone.tests.LoginDataDriven"/>
  <testcase name="loginTest" time="0.001" classname="com.verifone.tests.LoginDataDriven"/>
</testsuite> <!-- Selenium Web Portal Automation Tests -->
