<?xml version="1.0" encoding="UTF-8"?>
<!-- Generated by org.testng.reporters.JUnitReportReporter -->
<testsuite skipped="0" hostname="tlvyanaf1lt" name="com.verifone.tests.testAppl" tests="22" failures="1" timestamp="26 Apr 2018 13:14:59 GMT" time="488.884" errors="0">
  <testcase name="testAppl" time="13.095" classname="com.verifone.tests.testAppl"/>
  <testcase name="testAppl" time="12.610" classname="com.verifone.tests.testAppl"/>
  <testcase name="testAppl" time="15.715" classname="com.verifone.tests.testAppl"/>
  <testcase name="testAppl" time="15.539" classname="com.verifone.tests.testAppl"/>
  <testcase name="testAppl" time="28.855" classname="com.verifone.tests.testAppl"/>
  <testcase name="testAppl" time="28.649" classname="com.verifone.tests.testAppl"/>
  <testcase name="testAppl" time="12.375" classname="com.verifone.tests.testAppl"/>
  <testcase name="testAppl" time="78.346" classname="com.verifone.tests.testAppl">
    <failure type="java.lang.AssertionError" message="expected [Field is Required] but found [Error message not found!]">
      <![CDATA[java.lang.AssertionError: expected [Field is Required] but found [Error message not found!]
at org.testng.Assert.fail(Assert.java:96)
at org.testng.Assert.failNotEquals(Assert.java:776)
at org.testng.Assert.assertEqualsImpl(Assert.java:137)
at org.testng.Assert.assertEquals(Assert.java:118)
at org.testng.Assert.assertEquals(Assert.java:453)
at org.testng.Assert.assertEquals(Assert.java:463)
at com.verifone.tests.testAppl.testAppl(testAppl.java:283)
at sun.reflect.NativeMethodAccessorImpl.invoke0(Native Method)
at sun.reflect.NativeMethodAccessorImpl.invoke(Unknown Source)
at sun.reflect.DelegatingMethodAccessorImpl.invoke(Unknown Source)
at java.lang.reflect.Method.invoke(Unknown Source)
at org.testng.internal.MethodInvocationHelper.invokeMethod(MethodInvocationHelper.java:124)
at org.testng.internal.Invoker.invokeMethod(Invoker.java:580)
at org.testng.internal.Invoker.invokeTestMethod(Invoker.java:716)
at org.testng.internal.Invoker.invokeTestMethods(Invoker.java:988)
at org.testng.internal.TestMethodWorker.invokeTestMethods(TestMethodWorker.java:125)
at org.testng.internal.TestMethodWorker.run(TestMethodWorker.java:109)
at org.testng.TestRunner.privateRun(TestRunner.java:648)
at org.testng.TestRunner.run(TestRunner.java:505)
at org.testng.SuiteRunner.runTest(SuiteRunner.java:455)
at org.testng.SuiteRunner.runSequentially(SuiteRunner.java:450)
at org.testng.SuiteRunner.privateRun(SuiteRunner.java:415)
at org.testng.SuiteRunner.run(SuiteRunner.java:364)
at org.testng.SuiteRunnerWorker.runSuite(SuiteRunnerWorker.java:52)
at org.testng.SuiteRunnerWorker.run(SuiteRunnerWorker.java:84)
at org.testng.TestNG.runSuitesSequentially(TestNG.java:1208)
at org.testng.TestNG.runSuitesLocally(TestNG.java:1137)
at org.testng.TestNG.runSuites(TestNG.java:1049)
at org.testng.TestNG.run(TestNG.java:1017)
at org.testng.remote.AbstractRemoteTestNG.run(AbstractRemoteTestNG.java:114)
at org.testng.remote.RemoteTestNG.initAndRun(RemoteTestNG.java:251)
at org.testng.remote.RemoteTestNG.main(RemoteTestNG.java:77)
]]>
    </failure>
  </testcase> <!-- testAppl -->
  <testcase name="testAppl" time="15.508" classname="com.verifone.tests.testAppl"/>
  <testcase name="testAppl" time="12.345" classname="com.verifone.tests.testAppl"/>
  <testcase name="testAppl" time="20.672" classname="com.verifone.tests.testAppl"/>
  <testcase name="testAppl" time="28.438" classname="com.verifone.tests.testAppl"/>
  <testcase name="testAppl" time="14.667" classname="com.verifone.tests.testAppl"/>
  <testcase name="testAppl" time="12.765" classname="com.verifone.tests.testAppl"/>
  <testcase name="testAppl" time="15.813" classname="com.verifone.tests.testAppl"/>
  <testcase name="testAppl" time="35.764" classname="com.verifone.tests.testAppl"/>
  <testcase name="testAppl" time="15.567" classname="com.verifone.tests.testAppl"/>
  <testcase name="testAppl" time="29.886" classname="com.verifone.tests.testAppl"/>
  <testcase name="testAppl" time="12.320" classname="com.verifone.tests.testAppl"/>
  <testcase name="testAppl" time="28.916" classname="com.verifone.tests.testAppl"/>
  <testcase name="testAppl" time="25.482" classname="com.verifone.tests.testAppl"/>
  <testcase name="testAppl" time="15.557" classname="com.verifone.tests.testAppl"/>
</testsuite> <!-- com.verifone.tests.testAppl -->
