<?xml version="1.0" encoding="UTF-8"?>
<!-- Generated by org.testng.reporters.JUnitXMLReporter -->
<testsuite hostname="tlvyanaf1lt" ignored="7" name="Default test" tests="1" failures="0" timestamp="22 Jul 2018 12:21:45 GMT" time="0.046" errors="0">
  <testcase name="@BeforeSuite setEnv" time="0.0" classname="com.verifone.tests.BaseTest">
    <failure type="org.testng.TestNGException" message="
Parameter &amp;apos;env&amp;apos; is required by BeforeSuite on method setEnv but has not been marked @Optional or defined
in C:\Users\yanaf1\AppData\Local\Temp\testng-eclipse--651946308\testng-customsuite.xml">
      <![CDATA[org.testng.TestNGException: 
Parameter 'env' is required by BeforeSuite on method setEnv but has not been marked @Optional or defined
in C:\Users\yanaf1\AppData\Local\Temp\testng-eclipse--651946308\testng-customsuite.xml
at org.testng.internal.Parameters.createParams(Parameters.java:290)
at org.testng.internal.Parameters.createParametersForMethod(Parameters.java:359)
at org.testng.internal.Parameters.createParameters(Parameters.java:620)
at org.testng.internal.Parameters.createConfigurationParameters(Parameters.java:190)
at org.testng.internal.Invoker.invokeConfigurations(Invoker.java:209)
at org.testng.internal.Invoker.invokeConfigurations(Invoker.java:142)
at org.testng.SuiteRunner.privateRun(SuiteRunner.java:401)
at org.testng.SuiteRunner.run(SuiteRunner.java:364)
at org.testng.SuiteRunnerWorker.runSuite(SuiteRunnerWorker.java:52)
at org.testng.SuiteRunnerWorker.run(SuiteRunnerWorker.java:84)
at org.testng.TestNG.runSuitesSequentially(TestNG.java:1208)
at org.testng.TestNG.runSuitesLocally(TestNG.java:1137)
at org.testng.TestNG.runSuites(TestNG.java:1049)
at org.testng.TestNG.run(TestNG.java:1017)
at org.testng.remote.AbstractRemoteTestNG.run(AbstractRemoteTestNG.java:114)
at org.testng.remote.RemoteTestNG.initAndRun(RemoteTestNG.java:251)
at org.testng.remote.RemoteTestNG.main(RemoteTestNG.java:77)
]]>
    </failure>
  </testcase> <!-- @BeforeSuite setEnv -->
  <testcase name="@BeforeTest startDDTest" time="0.0" classname="com.verifone.tests.cpTests.EOPortalSanityUI">
    <skipped/>
  </testcase> <!-- @BeforeTest startDDTest -->
  <testcase name="@BeforeTest startDDTest1" time="0.0" classname="com.verifone.tests.cpTests.EOPortalSanityUI">
    <skipped/>
  </testcase> <!-- @BeforeTest startDDTest1 -->
  <testcase name="@BeforeTest startDDTest2" time="0.0" classname="com.verifone.tests.cpTests.EOPortalSanityUI">
    <skipped/>
  </testcase> <!-- @BeforeTest startDDTest2 -->
  <testcase name="@BeforeTest startDDTest3" time="0.0" classname="com.verifone.tests.cpTests.EOPortalSanityUI">
    <skipped/>
  </testcase> <!-- @BeforeTest startDDTest3 -->
  <testcase name="@BeforeTest startDDTest4" time="0.0" classname="com.verifone.tests.cpTests.EOPortalSanityUI">
    <skipped/>
  </testcase> <!-- @BeforeTest startDDTest4 -->
  <testcase name="@BeforeMethod startBrowser" time="0.0" classname="com.verifone.tests.BaseTest">
    <skipped/>
  </testcase> <!-- @BeforeMethod startBrowser -->
  <testcase name="@AfterMethod stopTestReport" time="0.0" classname="com.verifone.tests.BaseTest">
    <skipped/>
  </testcase> <!-- @AfterMethod stopTestReport -->
  <testcase name="EOAdminEditPendingEOAdminUI" time="0.0" classname="com.verifone.tests.cpTests.EOPortalSanityUI">
    <skipped/>
  </testcase> <!-- EOAdminEditPendingEOAdminUI -->
  <testcase name="EOAdminAddUserExistEmailUI" time="0.0" classname="com.verifone.tests.cpTests.EOPortalSanityUI">
    <ignored/>
  </testcase> <!-- EOAdminAddUserExistEmailUI -->
  <testcase name="EOAdminAddUserViewUI" time="0.0" classname="com.verifone.tests.cpTests.EOPortalSanityUI">
    <ignored/>
  </testcase> <!-- EOAdminAddUserViewUI -->
  <testcase name="EOAdminAddUserUI" time="0.0" classname="com.verifone.tests.cpTests.EOPortalSanityUI">
    <ignored/>
  </testcase> <!-- EOAdminAddUserUI -->
  <testcase name="EOAdminViewUI" time="0.0" classname="com.verifone.tests.cpTests.EOPortalSanityUI">
    <ignored/>
  </testcase> <!-- EOAdminViewUI -->
  <testcase name="EOAdminUsersUI" time="0.0" classname="com.verifone.tests.cpTests.EOPortalSanityUI">
    <ignored/>
  </testcase> <!-- EOAdminUsersUI -->
  <testcase name="EOAdminAddDevAppManagerUI" time="0.0" classname="com.verifone.tests.cpTests.EOPortalSanityUI">
    <ignored/>
  </testcase> <!-- EOAdminAddDevAppManagerUI -->
  <testcase name="EOAdminAddMerchantManagerUI" time="0.0" classname="com.verifone.tests.cpTests.EOPortalSanityUI">
    <ignored/>
  </testcase> <!-- EOAdminAddMerchantManagerUI -->
</testsuite> <!-- Default test -->
